[1.039s] DEBUG:colcon:Command line arguments: ['/usr/bin/colcon', 'build']
[1.039s] DEBUG:colcon:Parsed command line arguments: Namespace(log_base=None, log_level=None, verb_name='build', build_base='build', install_base='install', merge_install=False, symlink_install=False, test_result_base=None, continue_on_error=False, executor='parallel', parallel_workers=4, event_handlers=None, ignore_user_meta=False, metas=['./colcon.meta'], base_paths=['.'], packages_ignore=None, packages_ignore_regex=None, paths=None, packages_up_to=None, packages_up_to_regex=None, packages_above=None, packages_above_and_dependencies=None, packages_above_depth=None, packages_select_by_dep=None, packages_skip_by_dep=None, packages_skip_up_to=None, packages_select_build_failed=False, packages_skip_build_finished=False, packages_select_test_failures=False, packages_skip_test_passed=False, packages_select=None, packages_skip=None, packages_select_regex=None, packages_skip_regex=None, packages_start=None, packages_end=None, allow_overriding=[], cmake_args=None, cmake_target=None, cmake_target_skip_unavailable=False, cmake_clean_cache=False, cmake_clean_first=False, cmake_force_configure=False, ament_cmake_args=None, catkin_cmake_args=None, catkin_skip_building_tests=False, verb_parser=<colcon_defaults.argument_parser.defaults.DefaultArgumentsDecorator object at 0xffff95984130>, verb_extension=<colcon_core.verb.build.BuildVerb object at 0xffff95b18d30>, main=<bound method BuildVerb.main of <colcon_core.verb.build.BuildVerb object at 0xffff95b18d30>>)
[2.308s] Level 1:colcon.colcon_core.package_discovery:discover_packages(colcon_meta) check parameters
[2.308s] Level 1:colcon.colcon_core.package_discovery:discover_packages(recursive) check parameters
[2.309s] Level 1:colcon.colcon_core.package_discovery:discover_packages(ignore) check parameters
[2.309s] Level 1:colcon.colcon_core.package_discovery:discover_packages(path) check parameters
[2.309s] Level 1:colcon.colcon_core.package_discovery:discover_packages(colcon_meta) discover
[2.309s] Level 1:colcon.colcon_core.package_discovery:discover_packages(recursive) discover
[2.309s] INFO:colcon.colcon_core.package_discovery:Crawling recursively for packages in '/home/megan/mega_ws/src/humble_mega_beetle_cmake'
[2.310s] Level 1:colcon.colcon_core.package_identification:_identify(.) by extensions ['ignore', 'ignore_ament_install']
[2.310s] Level 1:colcon.colcon_core.package_identification:_identify(.) by extension 'ignore'
[2.310s] Level 1:colcon.colcon_core.package_identification:_identify(.) by extension 'ignore_ament_install'
[2.311s] Level 1:colcon.colcon_core.package_identification:_identify(.) by extensions ['colcon_pkg']
[2.311s] Level 1:colcon.colcon_core.package_identification:_identify(.) by extension 'colcon_pkg'
[2.311s] Level 1:colcon.colcon_core.package_identification:_identify(.) by extensions ['colcon_meta']
[2.311s] Level 1:colcon.colcon_core.package_identification:_identify(.) by extension 'colcon_meta'
[2.311s] Level 1:colcon.colcon_core.package_identification:_identify(.) by extensions ['ros']
[2.311s] Level 1:colcon.colcon_core.package_identification:_identify(.) by extension 'ros'
[2.415s] DEBUG:colcon.colcon_core.package_identification:Package '.' with type 'ros.ament_cmake' and name 'humble_mega_beetle_cmake'
[2.415s] Level 1:colcon.colcon_core.package_discovery:discover_packages(recursive) using defaults
[2.415s] Level 1:colcon.colcon_core.package_discovery:discover_packages(ignore) discover
[2.415s] Level 1:colcon.colcon_core.package_discovery:discover_packages(ignore) using defaults
[2.415s] Level 1:colcon.colcon_core.package_discovery:discover_packages(path) discover
[2.416s] Level 1:colcon.colcon_core.package_discovery:discover_packages(path) using defaults
[2.605s] Level 1:colcon.colcon_core.package_discovery:discover_packages(prefix_path) check parameters
[2.606s] Level 1:colcon.colcon_core.package_discovery:discover_packages(prefix_path) discover
[2.708s] DEBUG:colcon.colcon_installed_package_information.package_discovery:Found 5 installed packages in /home/megan/mega_ws/install
[2.712s] DEBUG:colcon.colcon_installed_package_information.package_discovery:Found 9 installed packages in /home/megan/linorobot2_ws/install
[2.766s] DEBUG:colcon.colcon_installed_package_information.package_discovery:Found 344 installed packages in /home/megan/ros2_humble/install
[2.781s] DEBUG:colcon.colcon_installed_package_information.package_discovery:Found 196 installed packages in /opt/ros/humble
[2.813s] Level 1:colcon.colcon_core.package_discovery:discover_packages(prefix_path) using defaults
[3.064s] Level 5:colcon.colcon_core.verb:set package 'humble_mega_beetle_cmake' build argument 'cmake_args' from command line to 'None'
[3.064s] Level 5:colcon.colcon_core.verb:set package 'humble_mega_beetle_cmake' build argument 'cmake_target' from command line to 'None'
[3.064s] Level 5:colcon.colcon_core.verb:set package 'humble_mega_beetle_cmake' build argument 'cmake_target_skip_unavailable' from command line to 'False'
[3.065s] Level 5:colcon.colcon_core.verb:set package 'humble_mega_beetle_cmake' build argument 'cmake_clean_cache' from command line to 'False'
[3.065s] Level 5:colcon.colcon_core.verb:set package 'humble_mega_beetle_cmake' build argument 'cmake_clean_first' from command line to 'False'
[3.065s] Level 5:colcon.colcon_core.verb:set package 'humble_mega_beetle_cmake' build argument 'cmake_force_configure' from command line to 'False'
[3.065s] Level 5:colcon.colcon_core.verb:set package 'humble_mega_beetle_cmake' build argument 'ament_cmake_args' from command line to 'None'
[3.065s] Level 5:colcon.colcon_core.verb:set package 'humble_mega_beetle_cmake' build argument 'catkin_cmake_args' from command line to 'None'
[3.065s] Level 5:colcon.colcon_core.verb:set package 'humble_mega_beetle_cmake' build argument 'catkin_skip_building_tests' from command line to 'False'
[3.065s] DEBUG:colcon.colcon_core.verb:Building package 'humble_mega_beetle_cmake' with the following arguments: {'ament_cmake_args': None, 'build_base': '/home/megan/mega_ws/src/humble_mega_beetle_cmake/build/humble_mega_beetle_cmake', 'catkin_cmake_args': None, 'catkin_skip_building_tests': False, 'cmake_args': None, 'cmake_clean_cache': False, 'cmake_clean_first': False, 'cmake_force_configure': False, 'cmake_target': None, 'cmake_target_skip_unavailable': False, 'install_base': '/home/megan/mega_ws/src/humble_mega_beetle_cmake/install/humble_mega_beetle_cmake', 'merge_install': False, 'path': '/home/megan/mega_ws/src/humble_mega_beetle_cmake', 'symlink_install': False, 'test_result_base': None}
[3.066s] INFO:colcon.colcon_core.executor:Executing jobs using 'parallel' executor
[3.069s] DEBUG:colcon.colcon_parallel_executor.executor.parallel:run_until_complete
[3.070s] INFO:colcon.colcon_ros.task.ament_cmake.build:Building ROS package in '/home/megan/mega_ws/src/humble_mega_beetle_cmake' with build type 'ament_cmake'
[3.070s] INFO:colcon.colcon_cmake.task.cmake.build:Building CMake package in '/home/megan/mega_ws/src/humble_mega_beetle_cmake'
[3.098s] INFO:colcon.colcon_core.plugin_system:Skipping extension 'colcon_core.shell.bat': Not used on non-Windows systems
[3.099s] INFO:colcon.colcon_core.shell:Skip shell extension 'powershell' for command environment: Not usable outside of PowerShell
[3.099s] DEBUG:colcon.colcon_core.shell:Skip shell extension 'dsv' for command environment
[3.356s] DEBUG:colcon.colcon_core.event_handler.log_command:Invoking command in '/home/megan/mega_ws/src/humble_mega_beetle_cmake/build/humble_mega_beetle_cmake': CMAKE_PREFIX_PATH=${CMAKE_PREFIX_PATH}:/home/megan/mega_ws/install/humble_mega_beetle:/opt/ros/humble:/home/megan/ros2_humble/install/rqt_bag_plugins:/home/megan/ros2_humble/install/rqt_bag:/home/megan/ros2_humble/install/ros2bag:/home/megan/ros2_humble/install/tracetools_test:/home/megan/ros2_humble/install/tracetools_launch:/home/megan/ros2_humble/install/topic_monitor:/home/megan/ros2_humble/install/tf2_tools:/home/megan/ros2_humble/install/examples_tf2_py:/home/megan/ros2_humble/install/tf2_ros_py:/home/megan/ros2_humble/install/sros2:/home/megan/ros2_humble/install/rqt_topic:/home/megan/ros2_humble/install/rqt_srv:/home/megan/ros2_humble/install/rqt_shell:/home/megan/ros2_humble/install/rqt_service_caller:/home/megan/ros2_humble/install/rqt_reconfigure:/home/megan/ros2_humble/install/rqt_py_console:/home/megan/ros2_humble/install/rqt_publisher:/home/megan/ros2_humble/install/rqt_plot:/home/megan/ros2_humble/install/rqt_action:/home/megan/ros2_humble/install/rqt_msg:/home/megan/ros2_humble/install/rqt_console:/home/megan/ros2_humble/install/rqt:/home/megan/ros2_humble/install/rqt_graph:/home/megan/ros2_humble/install/rqt_gui_py:/home/megan/ros2_humble/install/rqt_gui:/home/megan/ros2_humble/install/ros2trace:/home/megan/ros2_humble/install/ros2topic:/home/megan/ros2_humble/install/ros2test:/home/megan/ros2_humble/install/ros2component:/home/megan/ros2_humble/install/ros2param:/home/megan/ros2_humble/install/ros2lifecycle:/home/megan/ros2_humble/install/ros2service:/home/megan/ros2_humble/install/ros2run:/home/megan/ros2_humble/install/ros2launch:/home/megan/ros2_humble/install/ros2pkg:/home/megan/ros2_humble/install/ros2node:/home/megan/ros2_humble/install/ros2multicast:/home/megan/ros2_humble/install/ros2interface:/home/megan/ros2_humble/install/ros2doctor:/home/megan/ros2_humble/install/ros2action:/home/megan/ros2_humble/install/ros2cli:/home/megan/ros2_humble/install/quality_of_service_demo_py:/home/megan/ros2_humble/install/lifecycle_py:/home/megan/ros2_humble/install/launch_testing_ros:/home/megan/ros2_humble/install/launch_ros:/home/megan/ros2_humble/install/examples_rclpy_pointcloud_publisher:/home/megan/ros2_humble/install/examples_rclpy_minimal_subscriber:/home/megan/ros2_humble/install/examples_rclpy_minimal_service:/home/megan/ros2_humble/install/examples_rclpy_minimal_publisher:/home/megan/ros2_humble/install/examples_rclpy_minimal_client:/home/megan/ros2_humble/install/examples_rclpy_minimal_action_server:/home/megan/ros2_humble/install/examples_rclpy_minimal_action_client:/home/megan/ros2_humble/install/examples_rclpy_guard_conditions:/home/megan/ros2_humble/install/examples_rclpy_executors:/home/megan/ros2_humble/install/demo_nodes_py:/home/megan/ros2_humble/install/action_tutorials_py:/home/megan/ros2_humble/install/ament_uncrustify:/home/megan/ros2_humble/install/tracetools_trace:/home/megan/ros2_humble/install/tracetools_read:/home/megan/ros2_humble/install/test_tracetools_launch:/home/megan/ros2_humble/install/test_launch_ros:/home/megan/ros2_humble/install/sensor_msgs_py:/home/megan/ros2_humble/install/rpyutils:/home/megan/ros2_humble/install/rosidl_runtime_py:/home/megan/ros2_humble/install/rosidl_cli:/home/megan/ros2_humble/install/launch_pytest:/home/megan/ros2_humble/install/launch_testing:/home/megan/ros2_humble/install/launch_yaml:/home/megan/ros2_humble/install/launch_xml:/home/megan/ros2_humble/install/launch:/home/megan/ros2_humble/install/osrf_pycommon:/home/megan/ros2_humble/install/launch_testing_examples:/home/megan/ros2_humble/install/domain_coordinator:/home/megan/ros2_humble/install/ament_xmllint:/home/megan/ros2_humble/install/ament_pyflakes:/home/megan/ros2_humble/install/ament_pycodestyle:/home/megan/ros2_humble/install/ament_pep257:/home/megan/ros2_humble/install/ament_pclint:/home/megan/ros2_humble/install/ament_package:/home/megan/ros2_humble/install/ament_mypy:/home/megan/ros2_humble/install/ament_lint_cmake:/home/megan/ros2_humble/install/ament_flake8:/home/megan/ros2_humble/install/ament_copyright:/home/megan/ros2_humble/install/ament_lint:/home/megan/ros2_humble/install/ament_index_python:/home/megan/ros2_humble/install/ament_cpplint:/home/megan/ros2_humble/install/ament_cppcheck:/home/megan/ros2_humble/install/ament_clang_tidy:/home/megan/ros2_humble/install/ament_clang_format /usr/bin/cmake /home/megan/mega_ws/src/humble_mega_beetle_cmake -DCMAKE_INSTALL_PREFIX=/home/megan/mega_ws/src/humble_mega_beetle_cmake/install/humble_mega_beetle_cmake
[24.439s] DEBUG:colcon.colcon_parallel_executor.executor.parallel:run_until_complete was interrupted
[24.439s] DEBUG:colcon.colcon_parallel_executor.executor.parallel:run_until_complete again
[24.445s] DEBUG:colcon.colcon_core.event_handler.log_command:Invoked command in '/home/megan/mega_ws/src/humble_mega_beetle_cmake/build/humble_mega_beetle_cmake' returned '-2': CMAKE_PREFIX_PATH=${CMAKE_PREFIX_PATH}:/home/megan/mega_ws/install/humble_mega_beetle:/opt/ros/humble:/home/megan/ros2_humble/install/rqt_bag_plugins:/home/megan/ros2_humble/install/rqt_bag:/home/megan/ros2_humble/install/ros2bag:/home/megan/ros2_humble/install/tracetools_test:/home/megan/ros2_humble/install/tracetools_launch:/home/megan/ros2_humble/install/topic_monitor:/home/megan/ros2_humble/install/tf2_tools:/home/megan/ros2_humble/install/examples_tf2_py:/home/megan/ros2_humble/install/tf2_ros_py:/home/megan/ros2_humble/install/sros2:/home/megan/ros2_humble/install/rqt_topic:/home/megan/ros2_humble/install/rqt_srv:/home/megan/ros2_humble/install/rqt_shell:/home/megan/ros2_humble/install/rqt_service_caller:/home/megan/ros2_humble/install/rqt_reconfigure:/home/megan/ros2_humble/install/rqt_py_console:/home/megan/ros2_humble/install/rqt_publisher:/home/megan/ros2_humble/install/rqt_plot:/home/megan/ros2_humble/install/rqt_action:/home/megan/ros2_humble/install/rqt_msg:/home/megan/ros2_humble/install/rqt_console:/home/megan/ros2_humble/install/rqt:/home/megan/ros2_humble/install/rqt_graph:/home/megan/ros2_humble/install/rqt_gui_py:/home/megan/ros2_humble/install/rqt_gui:/home/megan/ros2_humble/install/ros2trace:/home/megan/ros2_humble/install/ros2topic:/home/megan/ros2_humble/install/ros2test:/home/megan/ros2_humble/install/ros2component:/home/megan/ros2_humble/install/ros2param:/home/megan/ros2_humble/install/ros2lifecycle:/home/megan/ros2_humble/install/ros2service:/home/megan/ros2_humble/install/ros2run:/home/megan/ros2_humble/install/ros2launch:/home/megan/ros2_humble/install/ros2pkg:/home/megan/ros2_humble/install/ros2node:/home/megan/ros2_humble/install/ros2multicast:/home/megan/ros2_humble/install/ros2interface:/home/megan/ros2_humble/install/ros2doctor:/home/megan/ros2_humble/install/ros2action:/home/megan/ros2_humble/install/ros2cli:/home/megan/ros2_humble/install/quality_of_service_demo_py:/home/megan/ros2_humble/install/lifecycle_py:/home/megan/ros2_humble/install/launch_testing_ros:/home/megan/ros2_humble/install/launch_ros:/home/megan/ros2_humble/install/examples_rclpy_pointcloud_publisher:/home/megan/ros2_humble/install/examples_rclpy_minimal_subscriber:/home/megan/ros2_humble/install/examples_rclpy_minimal_service:/home/megan/ros2_humble/install/examples_rclpy_minimal_publisher:/home/megan/ros2_humble/install/examples_rclpy_minimal_client:/home/megan/ros2_humble/install/examples_rclpy_minimal_action_server:/home/megan/ros2_humble/install/examples_rclpy_minimal_action_client:/home/megan/ros2_humble/install/examples_rclpy_guard_conditions:/home/megan/ros2_humble/install/examples_rclpy_executors:/home/megan/ros2_humble/install/demo_nodes_py:/home/megan/ros2_humble/install/action_tutorials_py:/home/megan/ros2_humble/install/ament_uncrustify:/home/megan/ros2_humble/install/tracetools_trace:/home/megan/ros2_humble/install/tracetools_read:/home/megan/ros2_humble/install/test_tracetools_launch:/home/megan/ros2_humble/install/test_launch_ros:/home/megan/ros2_humble/install/sensor_msgs_py:/home/megan/ros2_humble/install/rpyutils:/home/megan/ros2_humble/install/rosidl_runtime_py:/home/megan/ros2_humble/install/rosidl_cli:/home/megan/ros2_humble/install/launch_pytest:/home/megan/ros2_humble/install/launch_testing:/home/megan/ros2_humble/install/launch_yaml:/home/megan/ros2_humble/install/launch_xml:/home/megan/ros2_humble/install/launch:/home/megan/ros2_humble/install/osrf_pycommon:/home/megan/ros2_humble/install/launch_testing_examples:/home/megan/ros2_humble/install/domain_coordinator:/home/megan/ros2_humble/install/ament_xmllint:/home/megan/ros2_humble/install/ament_pyflakes:/home/megan/ros2_humble/install/ament_pycodestyle:/home/megan/ros2_humble/install/ament_pep257:/home/megan/ros2_humble/install/ament_pclint:/home/megan/ros2_humble/install/ament_package:/home/megan/ros2_humble/install/ament_mypy:/home/megan/ros2_humble/install/ament_lint_cmake:/home/megan/ros2_humble/install/ament_flake8:/home/megan/ros2_humble/install/ament_copyright:/home/megan/ros2_humble/install/ament_lint:/home/megan/ros2_humble/install/ament_index_python:/home/megan/ros2_humble/install/ament_cpplint:/home/megan/ros2_humble/install/ament_cppcheck:/home/megan/ros2_humble/install/ament_clang_tidy:/home/megan/ros2_humble/install/ament_clang_format /usr/bin/cmake /home/megan/mega_ws/src/humble_mega_beetle_cmake -DCMAKE_INSTALL_PREFIX=/home/megan/mega_ws/src/humble_mega_beetle_cmake/install/humble_mega_beetle_cmake
[24.473s] DEBUG:colcon.colcon_parallel_executor.executor.parallel:run_until_complete finished
[24.474s] DEBUG:colcon.colcon_parallel_executor.executor.parallel:closing loop
[24.474s] DEBUG:colcon.colcon_parallel_executor.executor.parallel:loop closed
[24.475s] DEBUG:colcon.colcon_core.event_reactor:joining thread
[24.546s] INFO:colcon.colcon_core.plugin_system:Skipping extension 'colcon_notification.desktop_notification.terminal_notifier': Not used on non-Darwin systems
[24.547s] INFO:colcon.colcon_core.plugin_system:Skipping extension 'colcon_notification.desktop_notification.win32': Not used on non-Windows systems
[24.547s] INFO:colcon.colcon_notification.desktop_notification:Sending desktop notification using 'notify2'
[24.552s] DEBUG:colcon.colcon_notification.desktop_notification.notify2:Failed to initialize notify2: org.freedesktop.DBus.Error.ServiceUnknown: The name org.freedesktop.Notifications was not provided by any .service files
[24.553s] DEBUG:colcon.colcon_core.event_reactor:joined thread
[24.554s] INFO:colcon.colcon_core.shell:Creating prefix script '/home/megan/mega_ws/src/humble_mega_beetle_cmake/install/local_setup.ps1'
[24.558s] INFO:colcon.colcon_core.shell:Creating prefix util module '/home/megan/mega_ws/src/humble_mega_beetle_cmake/install/_local_setup_util_ps1.py'
[24.564s] INFO:colcon.colcon_core.shell:Creating prefix chain script '/home/megan/mega_ws/src/humble_mega_beetle_cmake/install/setup.ps1'
[24.665s] INFO:colcon.colcon_core.shell:Creating prefix script '/home/megan/mega_ws/src/humble_mega_beetle_cmake/install/local_setup.sh'
[24.667s] INFO:colcon.colcon_core.shell:Creating prefix util module '/home/megan/mega_ws/src/humble_mega_beetle_cmake/install/_local_setup_util_sh.py'
[24.669s] INFO:colcon.colcon_core.shell:Creating prefix chain script '/home/megan/mega_ws/src/humble_mega_beetle_cmake/install/setup.sh'
[24.770s] INFO:colcon.colcon_core.shell:Creating prefix script '/home/megan/mega_ws/src/humble_mega_beetle_cmake/install/local_setup.bash'
[24.772s] INFO:colcon.colcon_core.shell:Creating prefix chain script '/home/megan/mega_ws/src/humble_mega_beetle_cmake/install/setup.bash'
[24.872s] INFO:colcon.colcon_core.shell:Creating prefix script '/home/megan/mega_ws/src/humble_mega_beetle_cmake/install/local_setup.zsh'
[24.874s] INFO:colcon.colcon_core.shell:Creating prefix chain script '/home/megan/mega_ws/src/humble_mega_beetle_cmake/install/setup.zsh'
