-- The C compiler identification is GNU 11.4.0
-- The CXX compiler identification is GNU 11.4.0
-- Detecting C compiler ABI info
-- Detecting C compiler ABI info - done
-- Check for working C compiler: /usr/bin/cc - skipped
-- Detecting C compile features
-- Detecting C compile features - done
-- Detecting CXX compiler ABI info
-- Detecting CXX compiler ABI info - done
-- Check for working CXX compiler: /usr/bin/c++ - skipped
-- Detecting CXX compile features
-- Detecting CXX compile features - done
-- Found ament_cmake: 1.3.8 (/home/basil/ros2_humble/install/ament_cmake/share/ament_cmake/cmake)
-- Found Python3: /usr/bin/python3 (found version "3.10.12") found components: Interpreter 
-- Found rclcpp: 16.0.8 (/home/basil/ros2_humble/install/rclcpp/share/rclcpp/cmake)
-- Found rosidl_generator_c: 3.1.5 (/home/basil/ros2_humble/install/rosidl_generator_c/share/rosidl_generator_c/cmake)
-- Found rosidl_adapter: 3.1.5 (/home/basil/ros2_humble/install/rosidl_adapter/share/rosidl_adapter/cmake)
-- Found rosidl_generator_cpp: 3.1.5 (/home/basil/ros2_humble/install/rosidl_generator_cpp/share/rosidl_generator_cpp/cmake)
-- Using all available rosidl_typesupport_c: rosidl_typesupport_fastrtps_c;rosidl_typesupport_introspection_c
-- Using all available rosidl_typesupport_cpp: rosidl_typesupport_fastrtps_cpp;rosidl_typesupport_introspection_cpp
-- Found rmw_implementation_cmake: 6.1.1 (/home/basil/ros2_humble/install/rmw_implementation_cmake/share/rmw_implementation_cmake/cmake)
-- Found rmw_fastrtps_cpp: 6.2.6 (/home/basil/ros2_humble/install/rmw_fastrtps_cpp/share/rmw_fastrtps_cpp/cmake)
-- Found OpenSSL: /usr/lib/x86_64-linux-gnu/libcrypto.so (found version "3.0.2")  
-- Found FastRTPS: /home/basil/ros2_humble/install/fastrtps/include  
-- Using RMW implementation 'rmw_fastrtps_cpp' as default
-- Looking for pthread.h
-- Looking for pthread.h - found
-- Performing Test CMAKE_HAVE_LIBC_PTHREAD
-- Performing Test CMAKE_HAVE_LIBC_PTHREAD - Success
-- Found Threads: TRUE  
-- Found ament_lint_auto: 0.12.10 (/home/basil/ros2_humble/install/ament_lint_auto/share/ament_lint_auto/cmake)
-- Added test 'cppcheck' to perform static code analysis on C / C++ code
-- Configured cppcheck include dirs: 
-- Configured cppcheck exclude dirs and/or files: 
-- Added test 'lint_cmake' to check CMake code style
-- Added test 'uncrustify' to check C / C++ code style
-- Configured uncrustify additional arguments: 
-- Added test 'xmllint' to check XML markup files
-- Configuring done
-- Generating done
-- Build files have been written to: /home/basil/humble_dev_ws/src/humble_mega_beetle_cmake/build/humble_mega_beetle_cmake
-- Install configuration: ""
-- Installing: /home/basil/humble_dev_ws/src/humble_mega_beetle_cmake/install/humble_mega_beetle_cmake/share/ament_index/resource_index/package_run_dependencies/humble_mega_beetle_cmake
-- Installing: /home/basil/humble_dev_ws/src/humble_mega_beetle_cmake/install/humble_mega_beetle_cmake/share/ament_index/resource_index/parent_prefix_path/humble_mega_beetle_cmake
-- Installing: /home/basil/humble_dev_ws/src/humble_mega_beetle_cmake/install/humble_mega_beetle_cmake/share/humble_mega_beetle_cmake/environment/ament_prefix_path.sh
-- Installing: /home/basil/humble_dev_ws/src/humble_mega_beetle_cmake/install/humble_mega_beetle_cmake/share/humble_mega_beetle_cmake/environment/ament_prefix_path.dsv
-- Installing: /home/basil/humble_dev_ws/src/humble_mega_beetle_cmake/install/humble_mega_beetle_cmake/share/humble_mega_beetle_cmake/environment/path.sh
-- Installing: /home/basil/humble_dev_ws/src/humble_mega_beetle_cmake/install/humble_mega_beetle_cmake/share/humble_mega_beetle_cmake/environment/path.dsv
-- Installing: /home/basil/humble_dev_ws/src/humble_mega_beetle_cmake/install/humble_mega_beetle_cmake/share/humble_mega_beetle_cmake/local_setup.bash
-- Installing: /home/basil/humble_dev_ws/src/humble_mega_beetle_cmake/install/humble_mega_beetle_cmake/share/humble_mega_beetle_cmake/local_setup.sh
-- Installing: /home/basil/humble_dev_ws/src/humble_mega_beetle_cmake/install/humble_mega_beetle_cmake/share/humble_mega_beetle_cmake/local_setup.zsh
-- Installing: /home/basil/humble_dev_ws/src/humble_mega_beetle_cmake/install/humble_mega_beetle_cmake/share/humble_mega_beetle_cmake/local_setup.dsv
-- Installing: /home/basil/humble_dev_ws/src/humble_mega_beetle_cmake/install/humble_mega_beetle_cmake/share/humble_mega_beetle_cmake/package.dsv
-- Installing: /home/basil/humble_dev_ws/src/humble_mega_beetle_cmake/install/humble_mega_beetle_cmake/share/ament_index/resource_index/packages/humble_mega_beetle_cmake
-- Installing: /home/basil/humble_dev_ws/src/humble_mega_beetle_cmake/install/humble_mega_beetle_cmake/share/humble_mega_beetle_cmake/cmake/humble_mega_beetle_cmakeConfig.cmake
-- Installing: /home/basil/humble_dev_ws/src/humble_mega_beetle_cmake/install/humble_mega_beetle_cmake/share/humble_mega_beetle_cmake/cmake/humble_mega_beetle_cmakeConfig-version.cmake
-- Installing: /home/basil/humble_dev_ws/src/humble_mega_beetle_cmake/install/humble_mega_beetle_cmake/share/humble_mega_beetle_cmake/package.xml
